#logback.classic pattern: %d{HH:mm:ss.SSS} %-5level %logger{36} - %msg%n
#logback.classic pattern: %d{HH:mm:ss.SSS} %-5level %logger{36} - %msg%n
#logback.classic pattern: %d{HH:mm:ss.SSS} %-5level %logger{36} - %msg%n
#logback.classic pattern: %d{HH:mm:ss.SSS} %-5level %logger{36} - %msg%n
#logback.classic pattern: %d{HH:mm:ss.SSS} %-5level %logger{36} - %msg%n
#logback.classic pattern: %d{HH:mm:ss.SSS} %-5level %logger{36} - %msg%n
#logback.classic pattern: %d{HH:mm:ss.SSS} %-5level %logger{36} - %msg%n
14:23:05.578 ERROR c.evolvus.precision.AdvancedExporter - File Exception when processing container container container (Is a directory)
java.io.FileNotFoundException: container (Is a directory)
	at java.io.FileInputStream.open0(Native Method)
	at java.io.FileInputStream.open(FileInputStream.java:195)
	at java.io.FileInputStream.<init>(FileInputStream.java:138)
	at java.util.Scanner.<init>(Scanner.java:611)
	at com.evolvus.precision.AdvancedExporter.processContainer(AdvancedExporter.java:210)
	at com.evolvus.precision.App.main(App.java:69)
#logback.classic pattern: %d{HH:mm:ss.SSS} %-5level %logger{36} - %msg%n
#logback.classic pattern: %d{HH:mm:ss.SSS} %-5level %logger{36} - %msg%n
#logback.classic pattern: %d{HH:mm:ss.SSS} %-5level %logger{36} - %msg%n
#logback.classic pattern: %d{HH:mm:ss.SSS} %-5level %logger{36} - %msg%n
#logback.classic pattern: %d{HH:mm:ss.SSS} %-5level %logger{36} - %msg%n
#logback.classic pattern: %d{HH:mm:ss.SSS} %-5level %logger{36} - %msg%n
14:39:34.686 ERROR c.evolvus.precision.AdvancedExporter - SQL Exception when exporting table project_crmm Table 'project_management.project_crmm' doesn't exist
#logback.classic pattern: %d{HH:mm:ss.SSS} %-5level %logger{36} - %msg%n
14:42:03.172 ERROR c.evolvus.precision.AdvancedExporter - SQL Exception when exporting table project_crmm Table 'project_management.project_crmm' doesn't exist
#logback.classic pattern: %d{HH:mm:ss.SSS} %-5level %logger{36} - %msg%n
#logback.classic pattern: %d{HH:mm:ss.SSS} %-5level %logger{36} - %msg%n
#logback.classic pattern: %d{HH:mm:ss.SSS} %-5level %logger{36} - %msg%n
14:47:22.756 ERROR c.evolvus.precision.AdvancedExporter - File Exception when processing container container/a.txr container/a.txr (No such file or directory)
java.io.FileNotFoundException: container/a.txr (No such file or directory)
	at java.io.FileInputStream.open0(Native Method)
	at java.io.FileInputStream.open(FileInputStream.java:195)
	at java.io.FileInputStream.<init>(FileInputStream.java:138)
	at java.util.Scanner.<init>(Scanner.java:611)
	at com.evolvus.precision.AdvancedExporter.processContainer(AdvancedExporter.java:210)
	at com.evolvus.precision.App.main(App.java:70)
#logback.classic pattern: %d{HH:mm:ss.SSS} %-5level %logger{36} - %msg%n
#logback.classic pattern: %d{HH:mm:ss.SSS} %-5level %logger{36} - %msg%n
#logback.classic pattern: %d{HH:mm:ss.SSS} %-5level %logger{36} - %msg%n
14:48:29.878 ERROR c.evolvus.precision.AdvancedExporter - SQL Exception when exporting table project Table 'project_management.project' doesn't exist
#logback.classic pattern: %d{HH:mm:ss.SSS} %-5level %logger{36} - %msg%n
#logback.classic pattern: %d{HH:mm:ss.SSS} %-5level %logger{36} - %msg%n
#logback.classic pattern: %d{HH:mm:ss.SSS} %-5level %logger{36} - %msg%n
#logback.classic pattern: %d{HH:mm:ss.SSS} %-5level %logger{36} - %msg%n
#logback.classic pattern: %d{HH:mm:ss.SSS} %-5level %logger{36} - %msg%n
#logback.classic pattern: %d{HH:mm:ss.SSS} %-5level %logger{36} - %msg%n
#logback.classic pattern: %d{HH:mm:ss.SSS} %-5level %logger{36} - %msg%n
#logback.classic pattern: %d{HH:mm:ss.SSS} %-5level %logger{36} - %msg%n
#logback.classic pattern: %d{HH:mm:ss.SSS} %-5level %logger{36} - %msg%n
#logback.classic pattern: %d{HH:mm:ss.SSS} %-5level %logger{36} - %msg%n
#logback.classic pattern: %d{HH:mm:ss.SSS} %-5level %logger{36} - %msg%n
#logback.classic pattern: %d{HH:mm:ss.SSS} %-5level %logger{36} - %msg%n
#logback.classic pattern: %d{HH:mm:ss.SSS} %-5level %logger{36} - %msg%n
#logback.classic pattern: %d{HH:mm:ss.SSS} %-5level %logger{36} - %msg%n
#logback.classic pattern: %d{HH:mm:ss.SSS} %-5level %logger{36} - %msg%n
#logback.classic pattern: %d{HH:mm:ss.SSS} %-5level %logger{36} - %msg%n
#logback.classic pattern: %d{HH:mm:ss.SSS} %-5level %logger{36} - %msg%n
#logback.classic pattern: %d{HH:mm:ss.SSS} %-5level %logger{36} - %msg%n
#logback.classic pattern: %d{HH:mm:ss.SSS} %-5level %logger{36} - %msg%n
#logback.classic pattern: %d{HH:mm:ss.SSS} %-5level %logger{36} - %msg%n
#logback.classic pattern: %d{HH:mm:ss.SSS} %-5level %logger{36} - %msg%n
#logback.classic pattern: %d{HH:mm:ss.SSS} %-5level %logger{36} - %msg%n
#logback.classic pattern: %d{HH:mm:ss.SSS} %-5level %logger{36} - %msg%n
#logback.classic pattern: %d{HH:mm:ss.SSS} %-5level %logger{36} - %msg%n
#logback.classic pattern: %d{HH:mm:ss.SSS} %-5level %logger{36} - %msg%n
#logback.classic pattern: %d{HH:mm:ss.SSS} %-5level %logger{36} - %msg%n
#logback.classic pattern: %d{HH:mm:ss.SSS} %-5level %logger{36} - %msg%n
16:28:16.278 ERROR c.evolvus.precision.AdvancedExporter - SQL Exception when exporting table mtc Table 'project_management.mtc' doesn't exist
#logback.classic pattern: %d{HH:mm:ss.SSS} %-5level %logger{36} - %msg%n
#logback.classic pattern: %d{HH:mm:ss.SSS} %-5level %logger{36} - %msg%n
#logback.classic pattern: %d{HH:mm:ss.SSS} %-5level %logger{36} - %msg%n
#logback.classic pattern: %d{HH:mm:ss.SSS} %-5level %logger{36} - %msg%n
#logback.classic pattern: %d{HH:mm:ss.SSS} %-5level %logger{36} - %msg%n
#logback.classic pattern: %d{HH:mm:ss.SSS} %-5level %logger{36} - %msg%n
#logback.classic pattern: %d{HH:mm:ss.SSS} %-5level %logger{36} - %msg%n
#logback.classic pattern: %d{HH:mm:ss.SSS} %-5level %logger{36} - %msg%n
#logback.classic pattern: %d{HH:mm:ss.SSS} %-5level %logger{36} - %msg%n
#logback.classic pattern: %d{HH:mm:ss.SSS} %-5level %logger{36} - %msg%n
