#logback.classic pattern: %d{HH:mm:ss.SSS} %-5level %logger{36} - %msg%n
15:28:43.911 INFO  com.zaxxer.hikari.HikariDataSource - HikariPool-1 - Starting...
15:28:45.599 INFO  com.zaxxer.hikari.HikariDataSource - HikariPool-1 - Start completed.
15:28:45.602 INFO  c.evolvus.precision.AdvancedExporter - This is an info level log message!
15:28:45.659 INFO  c.evolvus.precision.AdvancedExporter - Processing  Container Location container having 1 container(s)
15:28:45.667 INFO  c.evolvus.precision.AdvancedExporter - Started processing Container File /Users/prashantm/development/java/extract/mvn/advanced-exporter/dist/container/a.txt
15:28:45.696 INFO  c.evolvus.precision.AdvancedExporter - Started extracting for table project_invoices
15:28:45.697 INFO  c.evolvus.precision.AdvancedExporter - Started extracting for table project_details
15:28:45.699 INFO  c.evolvus.precision.AdvancedExporter - Started extracting for table project_cr
15:28:45.700 INFO  c.evolvus.precision.AdvancedExporter - Started extracting for table mtx
15:28:45.844 INFO  c.evolvus.precision.AdvancedExporter - Finished extracting for table project_invoices 
15:28:45.846 INFO  c.evolvus.precision.AdvancedExporter - Time taken to extract table project_invoices --> 0 seconds. 0 rows exported 
15:28:46.196 INFO  c.evolvus.precision.AdvancedExporter - Finished extracting for table project_cr 
15:28:46.197 INFO  c.evolvus.precision.AdvancedExporter - Time taken to extract table project_cr --> 0 seconds. 249 rows exported 
15:28:46.749 INFO  c.evolvus.precision.AdvancedExporter - Finished extracting for table project_details 
15:28:46.749 INFO  c.evolvus.precision.AdvancedExporter - Time taken to extract table project_details --> 1 seconds. 595 rows exported 
15:28:54.744 INFO  c.evolvus.precision.AdvancedExporter - Finished extracting for table mtx 
15:28:54.746 INFO  c.evolvus.precision.AdvancedExporter - Time taken to extract table mtx --> 9 seconds. 217718 rows exported 
15:28:54.750 INFO  c.evolvus.precision.AdvancedExporter - Finished processing Container File /Users/prashantm/development/java/extract/mvn/advanced-exporter/dist/container/a.txt. Total 0 tables exported 
#logback.classic pattern: %d{HH:mm:ss.SSS} %-5level %logger{36} - %msg%n
15:38:25.948 INFO  com.zaxxer.hikari.HikariDataSource - HikariPool-1 - Starting...
15:38:26.794 INFO  com.zaxxer.hikari.HikariDataSource - HikariPool-1 - Start completed.
15:38:26.795 INFO  c.evolvus.precision.AdvancedExporter - This is an info level log message!
15:38:26.813 INFO  c.evolvus.precision.AdvancedExporter - Processing  Container Location container having 1 container(s)
15:38:26.821 INFO  c.evolvus.precision.AdvancedExporter - Started processing Container File /Users/prashantm/development/java/extract/mvn/advanced-exporter/dist/container/a.txt
15:38:26.847 INFO  c.evolvus.precision.AdvancedExporter - Started extracting for table project_cr
15:38:26.847 INFO  c.evolvus.precision.AdvancedExporter - Started extracting for table project_invoices
15:38:26.847 INFO  c.evolvus.precision.AdvancedExporter - Started extracting for table project_details
15:38:26.847 INFO  c.evolvus.precision.AdvancedExporter - Started extracting for table mtx
15:38:27.071 INFO  c.evolvus.precision.AdvancedExporter - Finished extracting for table project_cr 
15:38:27.071 INFO  c.evolvus.precision.AdvancedExporter - Time taken to extract table project_cr --> 0 seconds. 249 rows exported 
15:38:27.199 INFO  c.evolvus.precision.AdvancedExporter - Finished extracting for table project_invoices 
15:38:27.199 INFO  c.evolvus.precision.AdvancedExporter - Time taken to extract table project_invoices --> 0 seconds. 0 rows exported 
15:38:27.742 INFO  c.evolvus.precision.AdvancedExporter - Finished extracting for table project_details 
15:38:27.742 INFO  c.evolvus.precision.AdvancedExporter - Time taken to extract table project_details --> 0 seconds. 595 rows exported 
15:38:33.431 INFO  c.evolvus.precision.AdvancedExporter - Finished extracting for table mtx 
15:38:33.433 INFO  c.evolvus.precision.AdvancedExporter - Time taken to extract table mtx --> 6 seconds. 217718 rows exported 
15:38:33.434 INFO  c.evolvus.precision.AdvancedExporter - Finished processing Container File /Users/prashantm/development/java/extract/mvn/advanced-exporter/dist/container/a.txt. Total 0 tables exported 
#logback.classic pattern: %d{HH:mm:ss.SSS} %-5level %logger{36} - %msg%n
15:39:10.769 INFO  com.zaxxer.hikari.HikariDataSource - HikariPool-1 - Starting...
15:39:11.324 INFO  com.zaxxer.hikari.HikariDataSource - HikariPool-1 - Start completed.
15:39:11.325 INFO  c.evolvus.precision.AdvancedExporter - This is an info level log message!
15:39:11.337 INFO  c.evolvus.precision.AdvancedExporter - Processing  Container Location container having 1 container(s)
15:39:11.340 INFO  c.evolvus.precision.AdvancedExporter - Started processing Container File /Users/prashantm/development/java/extract/mvn/advanced-exporter/dist/container/a.txt
15:39:11.352 INFO  c.evolvus.precision.AdvancedExporter - Started extracting for table project_details
15:39:11.352 INFO  c.evolvus.precision.AdvancedExporter - Started extracting for table project_invoices
15:39:11.352 INFO  c.evolvus.precision.AdvancedExporter - Started extracting for table mtx
15:39:11.352 INFO  c.evolvus.precision.AdvancedExporter - Started extracting for table mtx
15:39:11.435 INFO  c.evolvus.precision.AdvancedExporter - Finished extracting for table project_invoices 
15:39:11.436 INFO  c.evolvus.precision.AdvancedExporter - Time taken to extract table project_invoices --> 0 seconds. 0 rows exported 
15:39:11.436 INFO  c.evolvus.precision.AdvancedExporter - Started extracting for table project_cr
15:39:11.734 INFO  c.evolvus.precision.AdvancedExporter - Finished extracting for table project_cr 
15:39:11.735 INFO  c.evolvus.precision.AdvancedExporter - Time taken to extract table project_cr --> 0 seconds. 249 rows exported 
15:39:12.354 INFO  c.evolvus.precision.AdvancedExporter - Finished extracting for table project_details 
15:39:12.354 INFO  c.evolvus.precision.AdvancedExporter - Time taken to extract table project_details --> 1 seconds. 595 rows exported 
15:39:18.840 INFO  c.evolvus.precision.AdvancedExporter - Finished extracting for table mtx 
15:39:18.840 INFO  c.evolvus.precision.AdvancedExporter - Time taken to extract table mtx --> 7 seconds. 217718 rows exported 
15:39:18.841 INFO  c.evolvus.precision.AdvancedExporter - Finished extracting for table mtx 
15:39:18.841 INFO  c.evolvus.precision.AdvancedExporter - Time taken to extract table mtx --> 7 seconds. 217718 rows exported 
15:39:18.843 INFO  c.evolvus.precision.AdvancedExporter - Finished processing Container File /Users/prashantm/development/java/extract/mvn/advanced-exporter/dist/container/a.txt. Total 0 tables exported 
#logback.classic pattern: %d{HH:mm:ss.SSS} %-5level %logger{36} - %msg%n
16:00:15.360 INFO  com.zaxxer.hikari.HikariDataSource - HikariPool-1 - Starting...
16:00:16.027 INFO  com.zaxxer.hikari.HikariDataSource - HikariPool-1 - Start completed.
16:00:16.028 INFO  c.evolvus.precision.AdvancedExporter - This is an info level log message!
16:00:16.047 INFO  c.evolvus.precision.AdvancedExporter - Processing  Container Location container having 1 container(s)
16:00:16.059 INFO  c.evolvus.precision.AdvancedExporter - Started processing Container File /Users/prashantm/development/java/extract/mvn/advanced-exporter/dist/container/a.txt
16:00:16.081 INFO  c.evolvus.precision.AdvancedExporter - Started extracting for table project_invoices
16:00:16.081 INFO  c.evolvus.precision.AdvancedExporter - Started extracting for table mtx
16:00:16.081 INFO  c.evolvus.precision.AdvancedExporter - Started extracting for table mtx
16:00:16.081 INFO  c.evolvus.precision.AdvancedExporter - Started extracting for table project_details
16:00:16.154 INFO  c.evolvus.precision.AdvancedExporter - Finished extracting for table project_invoices 
16:00:16.154 INFO  c.evolvus.precision.AdvancedExporter - Time taken to extract table project_invoices --> 0 seconds. 0 rows exported 
16:00:16.155 INFO  c.evolvus.precision.AdvancedExporter - Started extracting for table project_cr
16:00:16.612 INFO  c.evolvus.precision.AdvancedExporter - Finished extracting for table project_cr 
16:00:16.612 INFO  c.evolvus.precision.AdvancedExporter - Time taken to extract table project_cr --> 0 seconds. 0 rows exported 
16:00:17.299 INFO  c.evolvus.precision.AdvancedExporter - Finished extracting for table project_details 
16:00:17.299 INFO  c.evolvus.precision.AdvancedExporter - Time taken to extract table project_details --> 1 seconds. 0 rows exported 
16:00:24.282 INFO  c.evolvus.precision.AdvancedExporter - Finished extracting for table mtx 
16:00:24.282 INFO  c.evolvus.precision.AdvancedExporter - Finished extracting for table mtx 
16:00:24.287 INFO  c.evolvus.precision.AdvancedExporter - Time taken to extract table mtx --> 8 seconds. 0 rows exported 
16:00:24.287 INFO  c.evolvus.precision.AdvancedExporter - Time taken to extract table mtx --> 8 seconds. 0 rows exported 
16:00:24.289 INFO  c.evolvus.precision.AdvancedExporter - Finished processing Container File /Users/prashantm/development/java/extract/mvn/advanced-exporter/dist/container/a.txt. Total 0 tables exported 
#logback.classic pattern: %d{HH:mm:ss.SSS} %-5level %logger{36} - %msg%n
16:21:12.578 INFO  com.zaxxer.hikari.HikariDataSource - HikariPool-1 - Starting...
16:21:13.336 INFO  com.zaxxer.hikari.HikariDataSource - HikariPool-1 - Start completed.
16:21:13.338 INFO  c.evolvus.precision.AdvancedExporter - This is an info level log message!
16:21:13.356 INFO  c.evolvus.precision.AdvancedExporter - Processing  Container Location container having 1 container(s)
16:21:13.365 INFO  c.evolvus.precision.AdvancedExporter - Started processing Container File /Users/prashantm/development/java/extract/mvn/advanced-exporter/dist/container/a.txt
16:21:13.405 INFO  c.evolvus.precision.AdvancedExporter - Started extracting for table project_invoices
16:21:13.405 INFO  c.evolvus.precision.AdvancedExporter - Started extracting for table project_details
16:21:13.405 INFO  c.evolvus.precision.AdvancedExporter - Started extracting for table mtx
16:21:13.405 INFO  c.evolvus.precision.AdvancedExporter - Started extracting for table mtx
16:21:13.487 INFO  c.evolvus.precision.AdvancedExporter - Finished extracting for table project_invoices 
16:21:13.488 INFO  c.evolvus.precision.AdvancedExporter - Time taken to extract table project_invoices --> 0 seconds. 0 rows exported 
16:21:13.488 INFO  c.evolvus.precision.AdvancedExporter - Started extracting for table project_cr
16:21:13.967 INFO  c.evolvus.precision.AdvancedExporter - Finished extracting for table project_cr 
16:21:13.967 INFO  c.evolvus.precision.AdvancedExporter - Time taken to extract table project_cr --> 0 seconds. 0 rows exported 
16:21:14.672 INFO  c.evolvus.precision.AdvancedExporter - Finished extracting for table project_details 
16:21:14.673 INFO  c.evolvus.precision.AdvancedExporter - Time taken to extract table project_details --> 1 seconds. 0 rows exported 
16:21:22.319 INFO  c.evolvus.precision.AdvancedExporter - Finished extracting for table mtx 
16:21:22.322 INFO  c.evolvus.precision.AdvancedExporter - Finished extracting for table mtx 
16:21:22.328 INFO  c.evolvus.precision.AdvancedExporter - Time taken to extract table mtx --> 8 seconds. 0 rows exported 
16:21:22.320 INFO  c.evolvus.precision.AdvancedExporter - Time taken to extract table mtx --> 8 seconds. 0 rows exported 
16:21:22.330 INFO  c.evolvus.precision.AdvancedExporter - Finished processing Container File /Users/prashantm/development/java/extract/mvn/advanced-exporter/dist/container/a.txt. Total 0 tables exported 
#logback.classic pattern: %d{HH:mm:ss.SSS} %-5level %logger{36} - %msg%n
16:21:47.703 INFO  com.zaxxer.hikari.HikariDataSource - HikariPool-1 - Starting...
16:21:48.269 INFO  com.zaxxer.hikari.HikariDataSource - HikariPool-1 - Start completed.
16:21:48.270 INFO  c.evolvus.precision.AdvancedExporter - This is an info level log message!
16:21:48.282 INFO  c.evolvus.precision.AdvancedExporter - Processing  Container Location container having 1 container(s)
16:21:48.285 INFO  c.evolvus.precision.AdvancedExporter - Started processing Container File /Users/prashantm/development/java/extract/mvn/advanced-exporter/dist/container/a.txt
16:21:48.301 INFO  c.evolvus.precision.AdvancedExporter - Started extracting for table project_invoices
16:21:48.301 INFO  c.evolvus.precision.AdvancedExporter - Started extracting for table mtx
16:21:48.301 INFO  c.evolvus.precision.AdvancedExporter - Started extracting for table project_details,asdfasdf,asdfasdf,asdfasdf
16:21:48.301 INFO  c.evolvus.precision.AdvancedExporter - Started extracting for table mtx
16:21:48.449 INFO  c.evolvus.precision.AdvancedExporter - Finished extracting for table project_invoices 
16:21:48.450 INFO  c.evolvus.precision.AdvancedExporter - Time taken to extract table project_invoices --> 0 seconds. 0 rows exported 
16:21:48.450 INFO  c.evolvus.precision.AdvancedExporter - Started extracting for table project_cr
16:21:48.500 INFO  c.evolvus.precision.AdvancedExporter - Finished extracting for table project_details,asdfasdf,asdfasdf,asdfasdf 
16:21:48.500 INFO  c.evolvus.precision.AdvancedExporter - Time taken to extract table project_details,asdfasdf,asdfasdf,asdfasdf --> 0 seconds. 0 rows exported 
16:21:48.908 INFO  c.evolvus.precision.AdvancedExporter - Finished extracting for table project_cr 
16:21:48.908 INFO  c.evolvus.precision.AdvancedExporter - Time taken to extract table project_cr --> 0 seconds. 0 rows exported 
16:21:59.130 INFO  c.evolvus.precision.AdvancedExporter - Finished extracting for table mtx 
16:21:59.139 INFO  c.evolvus.precision.AdvancedExporter - Time taken to extract table mtx --> 10 seconds. 0 rows exported 
16:21:59.135 INFO  c.evolvus.precision.AdvancedExporter - Finished extracting for table mtx 
16:21:59.142 INFO  c.evolvus.precision.AdvancedExporter - Time taken to extract table mtx --> 10 seconds. 0 rows exported 
16:21:59.145 INFO  c.evolvus.precision.AdvancedExporter - Finished processing Container File /Users/prashantm/development/java/extract/mvn/advanced-exporter/dist/container/a.txt. Total 0 tables exported 
#logback.classic pattern: %d{HH:mm:ss.SSS} %-5level %logger{36} - %msg%n
16:53:17.135 INFO  com.zaxxer.hikari.HikariDataSource - HikariPool-1 - Starting...
16:53:18.064 INFO  com.zaxxer.hikari.HikariDataSource - HikariPool-1 - Start completed.
16:53:18.065 INFO  c.evolvus.precision.AdvancedExporter - This is an info level log message!
16:53:18.085 INFO  c.evolvus.precision.AdvancedExporter - Processing  Container Location container having 1 container(s)
16:53:18.108 INFO  c.evolvus.precision.AdvancedExporter - Started processing Container File /Users/prashantm/development/java/extract/mvn/advanced-exporter/dist/container/a.txt
16:53:18.135 INFO  c.evolvus.precision.AdvancedExporter - Started extracting for table project_details,asdfasdf,asdfasdf,asdfasdf
16:53:18.135 INFO  c.evolvus.precision.AdvancedExporter - Started extracting for table mtx
16:53:18.135 INFO  c.evolvus.precision.AdvancedExporter - Started extracting for table project_invoices
16:53:18.135 INFO  c.evolvus.precision.AdvancedExporter - Started extracting for table mtx
16:53:18.216 INFO  c.evolvus.precision.AdvancedExporter - Finished extracting for table project_invoices 
16:53:18.216 INFO  c.evolvus.precision.AdvancedExporter - Time taken to extract table project_invoices --> 0 seconds. 0 rows exported 
16:53:18.216 INFO  c.evolvus.precision.AdvancedExporter - Started extracting for table project_cr
16:53:18.218 INFO  c.evolvus.precision.AdvancedExporter - Finished extracting for table project_details,asdfasdf,asdfasdf,asdfasdf 
16:53:18.218 INFO  c.evolvus.precision.AdvancedExporter - Time taken to extract table project_details,asdfasdf,asdfasdf,asdfasdf --> 0 seconds. 0 rows exported 
16:53:18.404 INFO  c.evolvus.precision.AdvancedExporter - Finished extracting for table project_cr 
16:53:18.404 INFO  c.evolvus.precision.AdvancedExporter - Time taken to extract table project_cr --> 0 seconds. 0 rows exported 
16:53:26.148 INFO  c.evolvus.precision.AdvancedExporter - Finished extracting for table mtx 
16:53:26.162 INFO  c.evolvus.precision.AdvancedExporter - Time taken to extract table mtx --> 8 seconds. 0 rows exported 
16:53:26.161 INFO  c.evolvus.precision.AdvancedExporter - Finished extracting for table mtx 
16:53:26.163 INFO  c.evolvus.precision.AdvancedExporter - Time taken to extract table mtx --> 8 seconds. 0 rows exported 
16:53:26.165 INFO  c.evolvus.precision.AdvancedExporter - Finished processing Container File /Users/prashantm/development/java/extract/mvn/advanced-exporter/dist/container/a.txt. Total 5 tables exported 
#logback.classic pattern: %d{HH:mm:ss.SSS} %-5level %logger{36} - %msg%n
16:56:34.599 INFO  com.zaxxer.hikari.HikariDataSource - HikariPool-1 - Starting...
16:56:35.143 INFO  com.zaxxer.hikari.HikariDataSource - HikariPool-1 - Start completed.
16:56:35.145 INFO  c.evolvus.precision.AdvancedExporter - This is an info level log message!
16:56:35.158 INFO  c.evolvus.precision.AdvancedExporter - Processing  Container Location container having 1 container(s)
16:56:35.161 INFO  c.evolvus.precision.AdvancedExporter - Started processing Container File /Users/prashantm/development/java/extract/mvn/advanced-exporter/dist/container/a.txt
16:56:35.171 INFO  c.evolvus.precision.AdvancedExporter - Started extracting for table project_invoices
16:56:35.171 INFO  c.evolvus.precision.AdvancedExporter - Started extracting for table mtx
16:56:35.171 INFO  c.evolvus.precision.AdvancedExporter - Started extracting for table mtx
16:56:35.171 INFO  c.evolvus.precision.AdvancedExporter - Started extracting for table project_details,asdfasdf,asdfasdf,asdfasdf
16:56:35.254 INFO  c.evolvus.precision.AdvancedExporter - Finished extracting for table project_details,asdfasdf,asdfasdf,asdfasdf 
16:56:35.255 INFO  c.evolvus.precision.AdvancedExporter - Time taken to extract table project_details,asdfasdf,asdfasdf,asdfasdf --> 0 seconds. 0 rows exported 
16:56:35.255 INFO  c.evolvus.precision.AdvancedExporter - Started extracting for table project_cr
16:56:35.257 INFO  c.evolvus.precision.AdvancedExporter - Finished extracting for table project_invoices 
16:56:35.257 INFO  c.evolvus.precision.AdvancedExporter - Time taken to extract table project_invoices --> 0 seconds. 0 rows exported 
16:56:35.733 INFO  c.evolvus.precision.AdvancedExporter - Finished extracting for table project_cr 
16:56:35.734 INFO  c.evolvus.precision.AdvancedExporter - Time taken to extract table project_cr --> 0 seconds. 369 rows exported 
16:56:43.753 INFO  c.evolvus.precision.AdvancedExporter - Finished extracting for table mtx 
16:56:43.753 INFO  c.evolvus.precision.AdvancedExporter - Finished extracting for table mtx 
16:56:43.757 INFO  c.evolvus.precision.AdvancedExporter - Time taken to extract table mtx --> 8 seconds. 237431 rows exported 
16:56:43.757 INFO  c.evolvus.precision.AdvancedExporter - Time taken to extract table mtx --> 8 seconds. 237416 rows exported 
16:56:43.760 INFO  c.evolvus.precision.AdvancedExporter - Finished processing Container File /Users/prashantm/development/java/extract/mvn/advanced-exporter/dist/container/a.txt. Total 0 tables exported 
#logback.classic pattern: %d{HH:mm:ss.SSS} %-5level %logger{36} - %msg%n
17:07:31.684 INFO  com.zaxxer.hikari.HikariDataSource - HikariPool-1 - Starting...
17:07:32.620 INFO  com.zaxxer.hikari.HikariDataSource - HikariPool-1 - Start completed.
17:07:32.622 INFO  c.evolvus.precision.AdvancedExporter - This is an info level log message!
17:07:32.641 INFO  c.evolvus.precision.AdvancedExporter - Processing  Container Location container having 1 container(s)
17:07:32.649 INFO  c.evolvus.precision.AdvancedExporter - Started processing Container File /Users/prashantm/development/java/extract/mvn/advanced-exporter/dist/container/a.txt
17:07:32.677 INFO  c.evolvus.precision.AdvancedExporter - Started extracting for table project_invoices
17:07:32.678 INFO  c.evolvus.precision.AdvancedExporter - Started extracting for table mtx
17:07:32.677 INFO  c.evolvus.precision.AdvancedExporter - Started extracting for table mtx
17:07:32.677 INFO  c.evolvus.precision.AdvancedExporter - Started extracting for table project_details,asdfasdf,asdfasdf,asdfasdf
17:07:32.761 INFO  c.evolvus.precision.AdvancedExporter - Finished extracting for table project_details,asdfasdf,asdfasdf,asdfasdf 
17:07:32.761 INFO  c.evolvus.precision.AdvancedExporter - Time taken to extract table project_details,asdfasdf,asdfasdf,asdfasdf --> 0 seconds. 0 rows exported 
17:07:32.762 INFO  c.evolvus.precision.AdvancedExporter - Started extracting for table project_cr
17:07:32.763 INFO  c.evolvus.precision.AdvancedExporter - Finished extracting for table project_invoices 
17:07:32.763 INFO  c.evolvus.precision.AdvancedExporter - Time taken to extract table project_invoices --> 0 seconds. 0 rows exported 
17:07:33.201 INFO  c.evolvus.precision.AdvancedExporter - Finished extracting for table project_cr 
17:07:33.201 INFO  c.evolvus.precision.AdvancedExporter - Time taken to extract table project_cr --> 0 seconds. 369 rows exported 
17:07:41.559 INFO  c.evolvus.precision.AdvancedExporter - Finished extracting for table mtx 
17:07:41.563 INFO  c.evolvus.precision.AdvancedExporter - Time taken to extract table mtx --> 8 seconds. 237416 rows exported 
17:07:41.562 INFO  c.evolvus.precision.AdvancedExporter - Finished extracting for table mtx 
17:07:41.563 INFO  c.evolvus.precision.AdvancedExporter - Time taken to extract table mtx --> 8 seconds. 237431 rows exported 
17:07:41.565 INFO  c.evolvus.precision.AdvancedExporter - Finished processing Container File /Users/prashantm/development/java/extract/mvn/advanced-exporter/dist/container/a.txt. Total 5 tables exported 
#logback.classic pattern: %d{HH:mm:ss.SSS} %-5level %logger{36} - %msg%n
17:41:18.615 INFO  com.zaxxer.hikari.HikariDataSource - HikariPool-1 - Starting...
17:41:19.587 INFO  com.zaxxer.hikari.HikariDataSource - HikariPool-1 - Start completed.
17:41:19.590 INFO  c.evolvus.precision.AdvancedExporter - This is an info level log message!
17:41:19.610 INFO  c.evolvus.precision.AdvancedExporter - Processing  Container Location container having 1 container(s)
17:41:19.616 INFO  c.evolvus.precision.AdvancedExporter - Started processing Container File /Users/prashantm/development/java/extract/mvn/advanced-exporter/dist/container/a.txt
17:41:19.638 INFO  c.evolvus.precision.AdvancedExporter - Started extracting for table project_invoices
17:41:19.638 INFO  c.evolvus.precision.AdvancedExporter - Started extracting for table mtx
17:41:19.638 INFO  c.evolvus.precision.AdvancedExporter - Started extracting for table mtx
17:41:19.638 INFO  c.evolvus.precision.AdvancedExporter - Started extracting for table project_details,asdfasdf,asdfasdf,asdfasdf
17:41:19.734 INFO  c.evolvus.precision.AdvancedExporter - Finished extracting for table project_invoices 
17:41:19.734 INFO  c.evolvus.precision.AdvancedExporter - Time taken to extract table project_invoices --> 0 seconds. 0 rows exported 
17:41:19.734 INFO  c.evolvus.precision.AdvancedExporter - Started extracting for table project_cr
17:41:19.914 INFO  c.evolvus.precision.AdvancedExporter - Finished extracting for table project_details,asdfasdf,asdfasdf,asdfasdf 
17:41:19.914 INFO  c.evolvus.precision.AdvancedExporter - Time taken to extract table project_details,asdfasdf,asdfasdf,asdfasdf --> 0 seconds. 0 rows exported 
17:41:20.223 INFO  c.evolvus.precision.AdvancedExporter - Finished extracting for table project_cr 
17:41:20.224 INFO  c.evolvus.precision.AdvancedExporter - Time taken to extract table project_cr --> 0 seconds. 369 rows exported 
17:41:33.155 INFO  c.evolvus.precision.AdvancedExporter - Finished extracting for table mtx 
17:41:33.155 INFO  c.evolvus.precision.AdvancedExporter - Finished extracting for table mtx 
17:41:33.161 INFO  c.evolvus.precision.AdvancedExporter - Time taken to extract table mtx --> 13 seconds. 237416 rows exported 
17:41:33.161 INFO  c.evolvus.precision.AdvancedExporter - Time taken to extract table mtx --> 13 seconds. 237431 rows exported 
17:41:33.164 INFO  c.evolvus.precision.AdvancedExporter - Finished processing Container File /Users/prashantm/development/java/extract/mvn/advanced-exporter/dist/container/a.txt. Total 5 tables exported 
#logback.classic pattern: %d{HH:mm:ss.SSS} %-5level %logger{36} - %msg%n
17:49:08.983 INFO  com.zaxxer.hikari.HikariDataSource - HikariPool-1 - Starting...
17:49:09.958 INFO  com.zaxxer.hikari.HikariDataSource - HikariPool-1 - Start completed.
17:49:09.960 INFO  c.evolvus.precision.AdvancedExporter - This is an info level log message!
17:49:09.982 INFO  c.evolvus.precision.AdvancedExporter - Processing  Container Location container having 1 container(s)
17:49:09.993 INFO  c.evolvus.precision.AdvancedExporter - Started processing Container File /Users/prashantm/development/java/extract/mvn/advanced-exporter/dist/container/a.txt
17:49:10.023 INFO  c.evolvus.precision.AdvancedExporter - Started extracting for table project_details,asdfasdf,asdfasdf,asdfasdf
17:49:10.023 INFO  c.evolvus.precision.AdvancedExporter - Started extracting for table project_invoices
17:49:10.023 INFO  c.evolvus.precision.AdvancedExporter - Started extracting for table mtx
17:49:10.023 INFO  c.evolvus.precision.AdvancedExporter - Started extracting for table mtx
17:49:10.119 INFO  c.evolvus.precision.AdvancedExporter - Finished extracting for table project_details,asdfasdf,asdfasdf,asdfasdf 
17:49:10.120 INFO  c.evolvus.precision.AdvancedExporter - Time taken to extract table project_details,asdfasdf,asdfasdf,asdfasdf --> 0 seconds. 0 rows exported 
17:49:10.121 INFO  c.evolvus.precision.AdvancedExporter - Started extracting for table project_cr
17:49:10.131 INFO  c.evolvus.precision.AdvancedExporter - Finished extracting for table project_invoices 
17:49:10.131 INFO  c.evolvus.precision.AdvancedExporter - Time taken to extract table project_invoices --> 0 seconds. 0 rows exported 
17:49:10.539 INFO  c.evolvus.precision.AdvancedExporter - Finished extracting for table project_cr 
17:49:10.540 INFO  c.evolvus.precision.AdvancedExporter - Time taken to extract table project_cr --> 0 seconds. 369 rows exported 
17:49:18.855 INFO  c.evolvus.precision.AdvancedExporter - Finished extracting for table mtx 
17:49:18.859 INFO  c.evolvus.precision.AdvancedExporter - Time taken to extract table mtx --> 8 seconds. 237416 rows exported 
17:49:18.860 INFO  c.evolvus.precision.AdvancedExporter - Finished extracting for table mtx 
17:49:18.860 INFO  c.evolvus.precision.AdvancedExporter - Time taken to extract table mtx --> 8 seconds. 237431 rows exported 
17:49:18.862 INFO  c.evolvus.precision.AdvancedExporter - Finished processing Container File /Users/prashantm/development/java/extract/mvn/advanced-exporter/dist/container/a.txt. Total 5 tables exported 
#logback.classic pattern: %d{HH:mm:ss.SSS} %-5level %logger{36} - %msg%n
17:52:37.393 INFO  com.zaxxer.hikari.HikariDataSource - HikariPool-1 - Starting...
17:52:38.177 INFO  com.zaxxer.hikari.HikariDataSource - HikariPool-1 - Start completed.
17:52:38.179 INFO  c.evolvus.precision.AdvancedExporter - This is an info level log message!
17:52:38.202 INFO  c.evolvus.precision.AdvancedExporter - Processing  Container Location container having 1 container(s)
17:52:38.205 INFO  c.evolvus.precision.AdvancedExporter - Started processing Container File /Users/prashantm/development/java/extract/mvn/advanced-exporter/dist/container/a.txt
17:52:38.219 INFO  c.evolvus.precision.AdvancedExporter - Started extracting for table project_invoices
17:52:38.219 INFO  c.evolvus.precision.AdvancedExporter - Started extracting for table mtx
17:52:38.219 INFO  c.evolvus.precision.AdvancedExporter - Started extracting for table mtx
17:52:38.219 INFO  c.evolvus.precision.AdvancedExporter - Started extracting for table project_details,asdfasdf,asdfasdf,asdfasdf
17:52:38.320 INFO  c.evolvus.precision.AdvancedExporter - Finished extracting for table project_invoices 
17:52:38.321 INFO  c.evolvus.precision.AdvancedExporter - Time taken to extract table project_invoices --> 0 seconds. 0 rows exported 
17:52:38.323 INFO  c.evolvus.precision.AdvancedExporter - Started extracting for table project_cr
17:52:38.335 INFO  c.evolvus.precision.AdvancedExporter - Finished extracting for table project_details,asdfasdf,asdfasdf,asdfasdf 
17:52:38.335 INFO  c.evolvus.precision.AdvancedExporter - Time taken to extract table project_details,asdfasdf,asdfasdf,asdfasdf --> 0 seconds. 0 rows exported 
17:52:38.841 INFO  c.evolvus.precision.AdvancedExporter - Finished extracting for table project_cr 
17:52:38.841 INFO  c.evolvus.precision.AdvancedExporter - Time taken to extract table project_cr --> 0 seconds. 369 rows exported 
17:52:49.707 INFO  c.evolvus.precision.AdvancedExporter - Finished extracting for table mtx 
17:52:49.710 INFO  c.evolvus.precision.AdvancedExporter - Finished extracting for table mtx 
17:52:49.712 INFO  c.evolvus.precision.AdvancedExporter - Time taken to extract table mtx --> 11 seconds. 237431 rows exported 
17:52:49.712 INFO  c.evolvus.precision.AdvancedExporter - Time taken to extract table mtx --> 11 seconds. 237416 rows exported 
17:52:49.714 INFO  c.evolvus.precision.AdvancedExporter - Finished processing Container File /Users/prashantm/development/java/extract/mvn/advanced-exporter/dist/container/a.txt. Total 5 tables exported 
#logback.classic pattern: %d{HH:mm:ss.SSS} %-5level %logger{36} - %msg%n
17:56:10.759 INFO  com.zaxxer.hikari.HikariDataSource - HikariPool-1 - Starting...
17:56:11.843 INFO  com.zaxxer.hikari.HikariDataSource - HikariPool-1 - Start completed.
17:56:11.845 INFO  c.evolvus.precision.AdvancedExporter - This is an info level log message!
17:56:11.863 INFO  c.evolvus.precision.AdvancedExporter - Processing  Container Location container having 1 container(s)
17:56:11.883 INFO  c.evolvus.precision.AdvancedExporter - Started processing Container File /Users/prashantm/development/java/extract/mvn/advanced-exporter/dist/container/a.txt
17:56:11.910 INFO  c.evolvus.precision.AdvancedExporter - Started extracting for table project_invoices
17:56:11.910 INFO  c.evolvus.precision.AdvancedExporter - Started extracting for table mtx
17:56:11.911 INFO  c.evolvus.precision.AdvancedExporter - Started extracting for table mtx
17:56:11.910 INFO  c.evolvus.precision.AdvancedExporter - Started extracting for table project_details,asdfasdf,asdfasdf,asdfasdf
17:56:12.164 INFO  c.evolvus.precision.AdvancedExporter - Finished extracting for table project_details,asdfasdf,asdfasdf,asdfasdf 
17:56:12.167 INFO  c.evolvus.precision.AdvancedExporter - Time taken to extract table project_details,asdfasdf,asdfasdf,asdfasdf --> 0 seconds. 0 rows exported 
17:56:12.167 INFO  c.evolvus.precision.AdvancedExporter - Started extracting for table project_cr
17:56:12.179 INFO  c.evolvus.precision.AdvancedExporter - Finished extracting for table project_invoices 
17:56:12.179 INFO  c.evolvus.precision.AdvancedExporter - Time taken to extract table project_invoices --> 0 seconds. 0 rows exported 
17:56:12.967 INFO  c.evolvus.precision.AdvancedExporter - Finished extracting for table project_cr 
17:56:12.967 INFO  c.evolvus.precision.AdvancedExporter - Time taken to extract table project_cr --> 0 seconds. 369 rows exported 
17:56:23.001 INFO  c.evolvus.precision.AdvancedExporter - Finished extracting for table mtx 
17:56:23.006 INFO  c.evolvus.precision.AdvancedExporter - Time taken to extract table mtx --> 11 seconds. 237416 rows exported 
17:56:23.184 INFO  c.evolvus.precision.AdvancedExporter - Finished extracting for table mtx 
17:56:23.184 INFO  c.evolvus.precision.AdvancedExporter - Time taken to extract table mtx --> 11 seconds. 237431 rows exported 
17:56:23.184 INFO  c.evolvus.precision.AdvancedExporter - Finished processing Container File /Users/prashantm/development/java/extract/mvn/advanced-exporter/dist/container/a.txt. Total 5 tables exported 
#logback.classic pattern: %d{HH:mm:ss.SSS} %-5level %logger{36} - %msg%n
18:04:18.218 INFO  com.zaxxer.hikari.HikariDataSource - HikariPool-1 - Starting...
18:04:19.090 INFO  com.zaxxer.hikari.HikariDataSource - HikariPool-1 - Start completed.
18:04:19.091 INFO  c.evolvus.precision.AdvancedExporter - This is an info level log message!
18:04:19.109 INFO  c.evolvus.precision.AdvancedExporter - Processing  Container Location container having 1 container(s)
18:04:19.118 INFO  c.evolvus.precision.AdvancedExporter - Started processing Container File /Users/prashantm/development/java/extract/mvn/advanced-exporter/dist/container/a.txt
18:04:19.156 INFO  c.evolvus.precision.AdvancedExporter - Started extracting for table mtx
18:04:19.156 INFO  c.evolvus.precision.AdvancedExporter - Started extracting for table mtx
18:04:19.156 INFO  c.evolvus.precision.AdvancedExporter - Started extracting for table project_details,asdfasdf,asdfasdf,asdfasdf
18:04:19.156 INFO  c.evolvus.precision.AdvancedExporter - Started extracting for table project_invoices
18:04:19.252 INFO  c.evolvus.precision.AdvancedExporter - Finished extracting for table project_invoices 
18:04:19.252 INFO  c.evolvus.precision.AdvancedExporter - Time taken to extract table project_invoices --> 0 seconds. 0 rows exported 
18:04:19.253 INFO  c.evolvus.precision.AdvancedExporter - Started extracting for table project_cr
18:04:19.253 INFO  c.evolvus.precision.AdvancedExporter - Finished extracting for table project_details,asdfasdf,asdfasdf,asdfasdf 
18:04:19.254 INFO  c.evolvus.precision.AdvancedExporter - Time taken to extract table project_details,asdfasdf,asdfasdf,asdfasdf --> 0 seconds. 0 rows exported 
18:04:19.907 INFO  c.evolvus.precision.AdvancedExporter - Finished extracting for table project_cr 
18:04:19.907 INFO  c.evolvus.precision.AdvancedExporter - Time taken to extract table project_cr --> 0 seconds. 369 rows exported 
18:04:28.311 INFO  c.evolvus.precision.AdvancedExporter - Finished extracting for table mtx 
18:04:28.311 INFO  c.evolvus.precision.AdvancedExporter - Finished extracting for table mtx 
18:04:28.313 INFO  c.evolvus.precision.AdvancedExporter - Time taken to extract table mtx --> 9 seconds. 237416 rows exported 
18:04:28.313 INFO  c.evolvus.precision.AdvancedExporter - Time taken to extract table mtx --> 9 seconds. 237416 rows exported 
18:04:28.314 INFO  c.evolvus.precision.AdvancedExporter - Finished processing Container File /Users/prashantm/development/java/extract/mvn/advanced-exporter/dist/container/a.txt. Total 5 tables exported 
#logback.classic pattern: %d{HH:mm:ss.SSS} %-5level %logger{36} - %msg%n
18:06:23.836 INFO  com.zaxxer.hikari.HikariDataSource - HikariPool-1 - Starting...
18:06:24.585 INFO  com.zaxxer.hikari.HikariDataSource - HikariPool-1 - Start completed.
18:06:24.587 INFO  c.evolvus.precision.AdvancedExporter - This is an info level log message!
18:06:24.601 INFO  c.evolvus.precision.AdvancedExporter - Processing  Container Location container having 1 container(s)
18:06:24.604 INFO  c.evolvus.precision.AdvancedExporter - Started processing Container File /Users/prashantm/development/java/extract/mvn/advanced-exporter/dist/container/a.txt
18:06:24.617 INFO  c.evolvus.precision.AdvancedExporter - Started extracting for table mtx
18:06:24.617 INFO  c.evolvus.precision.AdvancedExporter - Started extracting for table project_details,asdfasdf,asdfasdf,asdfasdf
18:06:24.617 INFO  c.evolvus.precision.AdvancedExporter - Started extracting for table mtx
18:06:24.623 INFO  c.evolvus.precision.AdvancedExporter - Started extracting for table project_invoices
18:06:24.805 INFO  c.evolvus.precision.AdvancedExporter - Finished extracting for table project_details,asdfasdf,asdfasdf,asdfasdf 
18:06:24.806 INFO  c.evolvus.precision.AdvancedExporter - Time taken to extract table project_details,asdfasdf,asdfasdf,asdfasdf --> 0 seconds. 0 rows exported 
18:06:24.806 INFO  c.evolvus.precision.AdvancedExporter - Started extracting for table project_cr
18:06:24.818 INFO  c.evolvus.precision.AdvancedExporter - Finished extracting for table project_invoices 
18:06:24.818 INFO  c.evolvus.precision.AdvancedExporter - Time taken to extract table project_invoices --> 0 seconds. 0 rows exported 
18:06:25.226 INFO  c.evolvus.precision.AdvancedExporter - Finished extracting for table project_cr 
18:06:25.226 INFO  c.evolvus.precision.AdvancedExporter - Time taken to extract table project_cr --> 0 seconds. 369 rows exported 
18:06:33.301 INFO  c.evolvus.precision.AdvancedExporter - Finished extracting for table mtx 
18:06:33.318 INFO  c.evolvus.precision.AdvancedExporter - Finished extracting for table mtx 
18:06:33.319 INFO  c.evolvus.precision.AdvancedExporter - Time taken to extract table mtx --> 8 seconds. 237431 rows exported 
18:06:33.320 INFO  c.evolvus.precision.AdvancedExporter - Time taken to extract table mtx --> 8 seconds. 237416 rows exported 
18:06:33.321 INFO  c.evolvus.precision.AdvancedExporter - Finished processing Container File /Users/prashantm/development/java/extract/mvn/advanced-exporter/dist/container/a.txt. Total 5 tables exported 
#logback.classic pattern: %d{HH:mm:ss.SSS} %-5level %logger{36} - %msg%n
18:12:02.871 INFO  com.zaxxer.hikari.HikariDataSource - HikariPool-1 - Starting...
18:12:03.540 INFO  com.zaxxer.hikari.HikariDataSource - HikariPool-1 - Start completed.
18:12:03.541 INFO  c.evolvus.precision.AdvancedExporter - This is an info level log message!
18:12:03.554 INFO  c.evolvus.precision.AdvancedExporter - Processing  Container Location container having 1 container(s)
18:12:03.560 INFO  c.evolvus.precision.AdvancedExporter - Started processing Container File /Users/prashantm/development/java/extract/mvn/advanced-exporter/dist/container/a.txt
18:12:03.576 INFO  c.evolvus.precision.AdvancedExporter - Started extracting for table mtx
18:12:03.576 INFO  c.evolvus.precision.AdvancedExporter - Started extracting for table mtx
18:12:03.576 INFO  c.evolvus.precision.AdvancedExporter - Started extracting for table project_details,asdfasdf,asdfasdf,asdfasdf
18:12:03.576 INFO  c.evolvus.precision.AdvancedExporter - Started extracting for table project_invoices
18:12:03.653 INFO  c.evolvus.precision.AdvancedExporter - Finished extracting for table project_details,asdfasdf,asdfasdf,asdfasdf 
18:12:03.653 INFO  c.evolvus.precision.AdvancedExporter - Time taken to extract table project_details,asdfasdf,asdfasdf,asdfasdf --> 0 seconds. 0 rows exported 
18:12:03.653 INFO  c.evolvus.precision.AdvancedExporter - Started extracting for table project_cr
18:12:03.684 INFO  c.evolvus.precision.AdvancedExporter - Finished extracting for table project_invoices 
18:12:03.684 INFO  c.evolvus.precision.AdvancedExporter - Time taken to extract table project_invoices --> 0 seconds. 0 rows exported 
18:12:04.177 INFO  c.evolvus.precision.AdvancedExporter - Finished extracting for table project_cr 
18:12:04.177 INFO  c.evolvus.precision.AdvancedExporter - Time taken to extract table project_cr --> 0 seconds. 369 rows exported 
18:12:12.544 INFO  c.evolvus.precision.AdvancedExporter - Finished extracting for table mtx 
18:12:12.547 INFO  c.evolvus.precision.AdvancedExporter - Time taken to extract table mtx --> 8 seconds. 237416 rows exported 
18:12:12.544 INFO  c.evolvus.precision.AdvancedExporter - Finished extracting for table mtx 
18:12:12.548 INFO  c.evolvus.precision.AdvancedExporter - Time taken to extract table mtx --> 8 seconds. 237416 rows exported 
18:12:12.549 INFO  c.evolvus.precision.AdvancedExporter - Finished processing Container File /Users/prashantm/development/java/extract/mvn/advanced-exporter/dist/container/a.txt. Total 5 tables exported 
#logback.classic pattern: %d{HH:mm:ss.SSS} %-5level %logger{36} - %msg%n
18:12:37.078 INFO  com.zaxxer.hikari.HikariDataSource - HikariPool-1 - Starting...
18:12:37.965 INFO  com.zaxxer.hikari.HikariDataSource - HikariPool-1 - Start completed.
18:12:37.967 INFO  c.evolvus.precision.AdvancedExporter - This is an info level log message!
18:12:38.001 INFO  c.evolvus.precision.AdvancedExporter - Processing  Container Location container having 1 container(s)
18:12:38.008 INFO  c.evolvus.precision.AdvancedExporter - Started processing Container File /Users/prashantm/development/java/extract/mvn/advanced-exporter/dist/container/a.txt
18:12:38.030 INFO  c.evolvus.precision.AdvancedExporter - Started extracting for table project_details,asdfasdf,asdfasdf,asdfasdf
18:12:38.046 INFO  c.evolvus.precision.AdvancedExporter - Started extracting for table mtx
18:12:38.046 INFO  c.evolvus.precision.AdvancedExporter - Started extracting for table mtx
18:12:38.047 INFO  c.evolvus.precision.AdvancedExporter - Started extracting for table project_invoices
18:12:38.149 INFO  c.evolvus.precision.AdvancedExporter - Finished extracting for table project_details,asdfasdf,asdfasdf,asdfasdf 
18:12:38.149 INFO  c.evolvus.precision.AdvancedExporter - Time taken to extract table project_details,asdfasdf,asdfasdf,asdfasdf --> 0 seconds. 0 rows exported 
18:12:38.150 INFO  c.evolvus.precision.AdvancedExporter - Started extracting for table project_cr
18:12:38.350 INFO  c.evolvus.precision.AdvancedExporter - Finished extracting for table project_invoices 
18:12:38.350 INFO  c.evolvus.precision.AdvancedExporter - Time taken to extract table project_invoices --> 0 seconds. 0 rows exported 
18:12:38.769 INFO  c.evolvus.precision.AdvancedExporter - Finished extracting for table project_cr 
18:12:38.769 INFO  c.evolvus.precision.AdvancedExporter - Time taken to extract table project_cr --> 0 seconds. 369 rows exported 
18:12:49.713 INFO  c.evolvus.precision.AdvancedExporter - Finished extracting for table mtx 
18:12:49.715 INFO  c.evolvus.precision.AdvancedExporter - Time taken to extract table mtx --> 11 seconds. 237416 rows exported 
18:12:49.713 INFO  c.evolvus.precision.AdvancedExporter - Finished extracting for table mtx 
18:12:49.716 INFO  c.evolvus.precision.AdvancedExporter - Time taken to extract table mtx --> 11 seconds. 237416 rows exported 
18:12:49.716 INFO  c.evolvus.precision.AdvancedExporter - Finished processing Container File /Users/prashantm/development/java/extract/mvn/advanced-exporter/dist/container/a.txt. Total 5 tables exported 
#logback.classic pattern: %d{HH:mm:ss.SSS} %-5level %logger{36} - %msg%n
18:12:59.882 INFO  com.evolvus.precision.App - Welcome to Advanced Extractor
18:12:59.983 INFO  com.zaxxer.hikari.HikariDataSource - HikariPool-1 - Starting...
18:13:00.842 INFO  com.zaxxer.hikari.HikariDataSource - HikariPool-1 - Start completed.
18:13:00.843 INFO  com.evolvus.precision.App - No argument supplied. Container from properties file will be used
18:13:00.844 INFO  c.evolvus.precision.AdvancedExporter - This is an info level log message!
18:13:00.862 INFO  c.evolvus.precision.AdvancedExporter - Processing  Container Location container having 1 container(s)
18:13:00.864 INFO  c.evolvus.precision.AdvancedExporter - Started processing Container File /Users/prashantm/development/java/extract/mvn/advanced-exporter/dist/container/a.txt
18:13:00.892 INFO  c.evolvus.precision.AdvancedExporter - Started extracting for table mtx
18:13:00.893 INFO  c.evolvus.precision.AdvancedExporter - Started extracting for table mtx
18:13:00.893 INFO  c.evolvus.precision.AdvancedExporter - Started extracting for table project_invoices
18:13:00.893 INFO  c.evolvus.precision.AdvancedExporter - Started extracting for table project_details,asdfasdf,asdfasdf,asdfasdf
18:13:01.071 INFO  c.evolvus.precision.AdvancedExporter - Finished extracting for table project_details,asdfasdf,asdfasdf,asdfasdf 
18:13:01.073 INFO  c.evolvus.precision.AdvancedExporter - Time taken to extract table project_details,asdfasdf,asdfasdf,asdfasdf --> 0 seconds. 0 rows exported 
18:13:01.073 INFO  c.evolvus.precision.AdvancedExporter - Started extracting for table project_cr
18:13:01.117 INFO  c.evolvus.precision.AdvancedExporter - Finished extracting for table project_invoices 
18:13:01.118 INFO  c.evolvus.precision.AdvancedExporter - Time taken to extract table project_invoices --> 0 seconds. 0 rows exported 
18:13:01.818 INFO  c.evolvus.precision.AdvancedExporter - Finished extracting for table project_cr 
18:13:01.828 INFO  c.evolvus.precision.AdvancedExporter - Time taken to extract table project_cr --> 0 seconds. 369 rows exported 
#logback.classic pattern: %d{HH:mm:ss.SSS} %-5level %logger{36} - %msg%n
13:52:23.070 INFO  com.evolvus.precision.App - Welcome to Advanced Extractor
13:52:23.206 INFO  com.zaxxer.hikari.HikariDataSource - HikariPool-1 - Starting...
13:52:24.249 INFO  com.zaxxer.hikari.HikariDataSource - HikariPool-1 - Start completed.
13:52:24.253 INFO  com.evolvus.precision.App - No argument supplied. Container from properties file will be used
13:52:24.255 INFO  c.evolvus.precision.AdvancedExporter - This is an info level log message!
13:52:24.297 INFO  c.evolvus.precision.AdvancedExporter - Processing  Container Location container having 1 container(s)
13:52:24.305 INFO  c.evolvus.precision.AdvancedExporter - Started processing Container File /Users/prashantm/development/java/extract/mvn/advanced-exporter/dist/container/a.txt
13:52:24.328 INFO  c.evolvus.precision.AdvancedExporter - Started extracting for table project_invoices
13:52:24.328 INFO  c.evolvus.precision.AdvancedExporter - Started extracting for table project_details,asdfasdf,asdfasdf,asdfasdf
13:52:24.328 INFO  c.evolvus.precision.AdvancedExporter - Started extracting for table mtx
13:52:24.328 INFO  c.evolvus.precision.AdvancedExporter - Started extracting for table mtx
13:52:24.425 INFO  c.evolvus.precision.AdvancedExporter - Finished extracting for table project_details,asdfasdf,asdfasdf,asdfasdf 
13:52:24.426 INFO  c.evolvus.precision.AdvancedExporter - Time taken to extract table project_details,asdfasdf,asdfasdf,asdfasdf --> 0 seconds. 0 rows exported 
13:52:24.426 INFO  c.evolvus.precision.AdvancedExporter - Started extracting for table project_cr
13:52:24.427 INFO  c.evolvus.precision.AdvancedExporter - Finished extracting for table project_invoices 
13:52:24.427 INFO  c.evolvus.precision.AdvancedExporter - Time taken to extract table project_invoices --> 0 seconds. 0 rows exported 
13:52:24.807 INFO  c.evolvus.precision.AdvancedExporter - Finished extracting for table project_cr 
13:52:24.808 INFO  c.evolvus.precision.AdvancedExporter - Time taken to extract table project_cr --> 0 seconds. 369 rows exported 
13:52:33.910 INFO  c.evolvus.precision.AdvancedExporter - Finished extracting for table mtx 
13:52:33.915 INFO  c.evolvus.precision.AdvancedExporter - Time taken to extract table mtx --> 9 seconds. 237416 rows exported 
13:52:33.999 INFO  c.evolvus.precision.AdvancedExporter - Finished extracting for table mtx 
13:52:34.000 INFO  c.evolvus.precision.AdvancedExporter - Time taken to extract table mtx --> 9 seconds. 237431 rows exported 
13:52:34.001 INFO  c.evolvus.precision.AdvancedExporter - Finished processing Container File /Users/prashantm/development/java/extract/mvn/advanced-exporter/dist/container/a.txt. Total 5 tables exported 
#logback.classic pattern: %d{HH:mm:ss.SSS} %-5level %logger{36} - %msg%n
13:53:49.621 INFO  com.evolvus.precision.App - Welcome to Advanced Extractor
13:53:49.701 INFO  com.zaxxer.hikari.HikariDataSource - HikariPool-1 - Starting...
13:53:50.410 INFO  com.zaxxer.hikari.HikariDataSource - HikariPool-1 - Start completed.
13:53:50.411 INFO  com.evolvus.precision.App - No argument supplied. Container from properties file will be used
13:53:50.412 INFO  c.evolvus.precision.AdvancedExporter - This is an info level log message!
13:53:50.425 INFO  c.evolvus.precision.AdvancedExporter - Processing  Container Location container having 1 container(s)
13:53:50.427 INFO  c.evolvus.precision.AdvancedExporter - Started processing Container File /Users/prashantm/development/java/extract/mvn/advanced-exporter/dist/container/a.txt
13:53:50.443 INFO  c.evolvus.precision.AdvancedExporter - Started extracting for table mtx
13:53:50.443 INFO  c.evolvus.precision.AdvancedExporter - Started extracting for table mtx
13:53:50.443 INFO  c.evolvus.precision.AdvancedExporter - Started extracting for table project_invoices
13:53:50.443 INFO  c.evolvus.precision.AdvancedExporter - Started extracting for table project_details,asdfasdf,asdfasdf,asdfasdf
13:53:50.530 INFO  c.evolvus.precision.AdvancedExporter - Finished extracting for table project_details,asdfasdf,asdfasdf,asdfasdf 
13:53:50.531 INFO  c.evolvus.precision.AdvancedExporter - Time taken to extract table project_details,asdfasdf,asdfasdf,asdfasdf --> 0 seconds. 0 rows exported 
13:53:50.531 INFO  c.evolvus.precision.AdvancedExporter - Started extracting for table project_cr
13:53:50.613 INFO  c.evolvus.precision.AdvancedExporter - Finished extracting for table project_invoices 
13:53:50.613 INFO  c.evolvus.precision.AdvancedExporter - Time taken to extract table project_invoices --> 0 seconds. 0 rows exported 
13:53:51.225 INFO  c.evolvus.precision.AdvancedExporter - Finished extracting for table project_cr 
13:53:51.225 INFO  c.evolvus.precision.AdvancedExporter - Time taken to extract table project_cr --> 0 seconds. 369 rows exported 
13:54:06.709 INFO  c.evolvus.precision.AdvancedExporter - Finished extracting for table mtx 
13:54:06.843 INFO  c.evolvus.precision.AdvancedExporter - Time taken to extract table mtx --> 16 seconds. 237416 rows exported 
13:54:06.849 INFO  c.evolvus.precision.AdvancedExporter - Finished extracting for table mtx 
13:54:06.850 INFO  c.evolvus.precision.AdvancedExporter - Time taken to extract table mtx --> 16 seconds. 237431 rows exported 
13:54:06.851 INFO  c.evolvus.precision.AdvancedExporter - Finished processing Container File /Users/prashantm/development/java/extract/mvn/advanced-exporter/dist/container/a.txt. Total 5 tables exported 
#logback.classic pattern: %d{HH:mm:ss.SSS} %-5level %logger{36} - %msg%n
13:54:36.747 INFO  com.evolvus.precision.App - Welcome to Advanced Extractor
13:54:36.903 INFO  com.zaxxer.hikari.HikariDataSource - HikariPool-1 - Starting...
13:54:37.752 INFO  com.zaxxer.hikari.HikariDataSource - HikariPool-1 - Start completed.
13:54:37.753 INFO  com.evolvus.precision.App - No argument supplied. Container from properties file will be used
13:54:37.754 INFO  c.evolvus.precision.AdvancedExporter - This is an info level log message!
13:54:37.768 INFO  c.evolvus.precision.AdvancedExporter - Processing  Container Location container having 1 container(s)
13:54:37.771 INFO  c.evolvus.precision.AdvancedExporter - Started processing Container File /Users/prashantm/development/java/extract/mvn/advanced-exporter/dist/container/a.txt
13:54:37.791 INFO  c.evolvus.precision.AdvancedExporter - Started extracting for table mtx
13:54:37.791 INFO  c.evolvus.precision.AdvancedExporter - Started extracting for table mtx
13:54:37.791 INFO  c.evolvus.precision.AdvancedExporter - Started extracting for table project_details,asdfasdf,asdfasdf,asdfasdf
13:54:37.792 INFO  c.evolvus.precision.AdvancedExporter - Started extracting for table project_invoices
13:54:37.988 INFO  c.evolvus.precision.AdvancedExporter - Finished extracting for table project_details,asdfasdf,asdfasdf,asdfasdf 
13:54:37.988 INFO  c.evolvus.precision.AdvancedExporter - Time taken to extract table project_details,asdfasdf,asdfasdf,asdfasdf --> 0 seconds. 0 rows exported 
13:54:37.989 INFO  c.evolvus.precision.AdvancedExporter - Started extracting for table project_cr
13:54:37.992 INFO  c.evolvus.precision.AdvancedExporter - Finished extracting for table project_invoices 
13:54:37.993 INFO  c.evolvus.precision.AdvancedExporter - Time taken to extract table project_invoices --> 0 seconds. 0 rows exported 
13:54:38.466 INFO  c.evolvus.precision.AdvancedExporter - Finished extracting for table project_cr 
13:54:38.468 INFO  c.evolvus.precision.AdvancedExporter - Time taken to extract table project_cr --> 0 seconds. 369 rows exported 
13:54:49.995 INFO  c.evolvus.precision.AdvancedExporter - Finished extracting for table mtx 
13:54:50.000 INFO  c.evolvus.precision.AdvancedExporter - Time taken to extract table mtx --> 12 seconds. 237416 rows exported 
13:54:50.097 INFO  c.evolvus.precision.AdvancedExporter - Finished extracting for table mtx 
13:54:50.097 INFO  c.evolvus.precision.AdvancedExporter - Time taken to extract table mtx --> 12 seconds. 237431 rows exported 
13:54:50.166 INFO  c.evolvus.precision.AdvancedExporter - Finished processing Container File /Users/prashantm/development/java/extract/mvn/advanced-exporter/dist/container/a.txt. Total 5 tables exported 
#logback.classic pattern: %d{HH:mm:ss.SSS} %-5level %logger{36} - %msg%n
16:18:11.728 INFO  com.evolvus.precision.App - Welcome to Advanced Extractor
16:18:11.861 INFO  com.zaxxer.hikari.HikariDataSource - HikariPool-1 - Starting...
16:18:13.167 INFO  com.zaxxer.hikari.HikariDataSource - HikariPool-1 - Start completed.
16:18:13.168 INFO  com.evolvus.precision.App - No argument supplied. Container from properties file will be used
16:18:13.168 INFO  c.evolvus.precision.AdvancedExporter - This is an info level log message!
16:18:13.205 INFO  c.evolvus.precision.AdvancedExporter - Processing  Container Location container having 1 container(s)
16:18:13.224 INFO  c.evolvus.precision.AdvancedExporter - Started processing Container File /Users/prashantm/development/java/extract/mvn/advanced-exporter/dist/container/a.txt
16:18:13.245 INFO  c.evolvus.precision.AdvancedExporter - Started extracting for table project_invoices
16:18:13.245 INFO  c.evolvus.precision.AdvancedExporter - Started extracting for table project_details,asdfasdf,asdfasdf,asdfasdf
16:18:13.245 INFO  c.evolvus.precision.AdvancedExporter - Started extracting for table mtx
16:18:13.245 INFO  c.evolvus.precision.AdvancedExporter - Started extracting for table mtx
16:18:13.355 INFO  c.evolvus.precision.AdvancedExporter - Finished extracting for table project_invoices 
16:18:13.356 INFO  c.evolvus.precision.AdvancedExporter - Time taken to extract table project_invoices --> 0 seconds. 0 rows exported 
16:18:13.356 INFO  c.evolvus.precision.AdvancedExporter - Started extracting for table project_cr
16:18:13.387 INFO  c.evolvus.precision.AdvancedExporter - Finished extracting for table project_details,asdfasdf,asdfasdf,asdfasdf 
16:18:13.388 INFO  c.evolvus.precision.AdvancedExporter - Time taken to extract table project_details,asdfasdf,asdfasdf,asdfasdf --> 0 seconds. 0 rows exported 
16:18:13.578 INFO  c.evolvus.precision.AdvancedExporter - Finished extracting for table project_cr 
16:18:13.579 INFO  c.evolvus.precision.AdvancedExporter - Time taken to extract table project_cr --> 0 seconds. 369 rows exported 
16:18:26.460 INFO  c.evolvus.precision.AdvancedExporter - Finished extracting for table mtx 
16:18:26.460 INFO  c.evolvus.precision.AdvancedExporter - Finished extracting for table mtx 
16:18:26.464 INFO  c.evolvus.precision.AdvancedExporter - Time taken to extract table mtx --> 13 seconds. 237416 rows exported 
16:18:26.464 INFO  c.evolvus.precision.AdvancedExporter - Time taken to extract table mtx --> 13 seconds. 237416 rows exported 
16:18:26.464 INFO  c.evolvus.precision.AdvancedExporter - Finished processing Container File /Users/prashantm/development/java/extract/mvn/advanced-exporter/dist/container/a.txt. Total 5 tables exported 
#logback.classic pattern: %d{HH:mm:ss.SSS} %-5level %logger{36} - %msg%n
16:18:33.417 INFO  com.evolvus.precision.App - Welcome to Advanced Extractor
16:18:33.501 INFO  com.zaxxer.hikari.HikariDataSource - HikariPool-1 - Starting...
16:18:34.240 INFO  com.zaxxer.hikari.HikariDataSource - HikariPool-1 - Start completed.
16:18:34.241 INFO  com.evolvus.precision.App - No argument supplied. Container from properties file will be used
16:18:34.241 INFO  c.evolvus.precision.AdvancedExporter - This is an info level log message!
16:18:34.254 INFO  c.evolvus.precision.AdvancedExporter - Processing  Container Location container having 1 container(s)
16:18:34.256 INFO  c.evolvus.precision.AdvancedExporter - Started processing Container File /Users/prashantm/development/java/extract/mvn/advanced-exporter/dist/container/a.txt
16:18:34.270 INFO  c.evolvus.precision.AdvancedExporter - Started extracting for table project_details,asdfasdf,asdfasdf,asdfasdf
16:18:34.270 INFO  c.evolvus.precision.AdvancedExporter - Started extracting for table project_invoices
16:18:34.270 INFO  c.evolvus.precision.AdvancedExporter - Started extracting for table mtx
16:18:34.270 INFO  c.evolvus.precision.AdvancedExporter - Started extracting for table mtx
16:18:34.339 INFO  c.evolvus.precision.AdvancedExporter - Finished extracting for table project_details,asdfasdf,asdfasdf,asdfasdf 
16:18:34.339 INFO  c.evolvus.precision.AdvancedExporter - Time taken to extract table project_details,asdfasdf,asdfasdf,asdfasdf --> 0 seconds. 0 rows exported 
16:18:34.340 INFO  c.evolvus.precision.AdvancedExporter - Started extracting for table project_cr
16:18:34.473 INFO  c.evolvus.precision.AdvancedExporter - Finished extracting for table project_invoices 
16:18:34.473 INFO  c.evolvus.precision.AdvancedExporter - Time taken to extract table project_invoices --> 0 seconds. 0 rows exported 
16:18:34.786 INFO  c.evolvus.precision.AdvancedExporter - Finished extracting for table project_cr 
16:18:34.786 INFO  c.evolvus.precision.AdvancedExporter - Time taken to extract table project_cr --> 0 seconds. 369 rows exported 
16:18:43.953 INFO  c.evolvus.precision.AdvancedExporter - Finished extracting for table mtx 
16:18:43.957 INFO  c.evolvus.precision.AdvancedExporter - Time taken to extract table mtx --> 9 seconds. 237416 rows exported 
16:18:43.956 INFO  c.evolvus.precision.AdvancedExporter - Finished extracting for table mtx 
16:18:43.958 INFO  c.evolvus.precision.AdvancedExporter - Time taken to extract table mtx --> 9 seconds. 237431 rows exported 
16:18:43.959 INFO  c.evolvus.precision.AdvancedExporter - Finished processing Container File /Users/prashantm/development/java/extract/mvn/advanced-exporter/dist/container/a.txt. Total 5 tables exported 
#logback.classic pattern: %d{HH:mm:ss.SSS} %-5level %logger{36} - %msg%n
16:18:59.516 INFO  com.evolvus.precision.App - Welcome to Advanced Extractor
16:18:59.619 INFO  com.zaxxer.hikari.HikariDataSource - HikariPool-1 - Starting...
16:19:00.214 INFO  com.zaxxer.hikari.HikariDataSource - HikariPool-1 - Start completed.
16:19:00.217 INFO  com.evolvus.precision.App - No argument supplied. Container from properties file will be used
16:19:00.218 INFO  c.evolvus.precision.AdvancedExporter - This is an info level log message!
16:19:00.259 INFO  c.evolvus.precision.AdvancedExporter - Processing  Container Location container having 1 container(s)
16:19:00.265 INFO  c.evolvus.precision.AdvancedExporter - Started processing Container File /Users/prashantm/development/java/extract/mvn/advanced-exporter/dist/container/a.txt
16:19:00.283 INFO  c.evolvus.precision.AdvancedExporter - Started extracting for table mtx
16:19:00.283 INFO  c.evolvus.precision.AdvancedExporter - Started extracting for table project_invoices
16:19:00.283 INFO  c.evolvus.precision.AdvancedExporter - Started extracting for table mtx
16:19:00.283 INFO  c.evolvus.precision.AdvancedExporter - Started extracting for table project_details,asdfasdf,asdfasdf,asdfasdf
16:19:00.386 INFO  c.evolvus.precision.AdvancedExporter - Finished extracting for table project_details,asdfasdf,asdfasdf,asdfasdf 
16:19:00.386 INFO  c.evolvus.precision.AdvancedExporter - Finished extracting for table project_invoices 
16:19:00.386 INFO  c.evolvus.precision.AdvancedExporter - Time taken to extract table project_details,asdfasdf,asdfasdf,asdfasdf --> 0 seconds. 0 rows exported 
16:19:00.386 INFO  c.evolvus.precision.AdvancedExporter - Time taken to extract table project_invoices --> 0 seconds. 0 rows exported 
16:19:00.386 INFO  c.evolvus.precision.AdvancedExporter - Started extracting for table project_cr
16:19:00.792 INFO  c.evolvus.precision.AdvancedExporter - Finished extracting for table project_cr 
16:19:00.805 INFO  c.evolvus.precision.AdvancedExporter - Time taken to extract table project_cr --> 0 seconds. 382 rows exported 
16:19:09.884 INFO  c.evolvus.precision.AdvancedExporter - Finished extracting for table mtx 
16:19:09.884 INFO  c.evolvus.precision.AdvancedExporter - Finished extracting for table mtx 
16:19:09.885 INFO  c.evolvus.precision.AdvancedExporter - Time taken to extract table mtx --> 9 seconds. 237431 rows exported 
16:19:09.885 INFO  c.evolvus.precision.AdvancedExporter - Time taken to extract table mtx --> 9 seconds. 237431 rows exported 
16:19:09.885 INFO  c.evolvus.precision.AdvancedExporter - Finished processing Container File /Users/prashantm/development/java/extract/mvn/advanced-exporter/dist/container/a.txt. Total 5 tables exported 
#logback.classic pattern: %d{HH:mm:ss.SSS} %-5level %logger{36} - %msg%n
16:27:13.967 INFO  com.evolvus.precision.App - Welcome to Advanced Extractor
16:27:14.080 INFO  com.zaxxer.hikari.HikariDataSource - HikariPool-1 - Starting...
16:27:15.028 INFO  com.zaxxer.hikari.HikariDataSource - HikariPool-1 - Start completed.
16:27:15.030 INFO  com.evolvus.precision.App - No argument supplied. Container from properties file will be used
16:27:15.030 INFO  c.evolvus.precision.AdvancedExporter - This is an info level log message!
16:27:15.048 INFO  c.evolvus.precision.AdvancedExporter - Processing  Container Location container having 1 container(s)
16:27:15.056 INFO  c.evolvus.precision.AdvancedExporter - Started processing Container File /Users/prashantm/development/java/extract/mvn/advanced-exporter/dist/container/a.txt
16:27:15.098 INFO  c.evolvus.precision.AdvancedExporter - Started extracting for table project_invoices
16:27:15.098 INFO  c.evolvus.precision.AdvancedExporter - Started extracting for table mtx
16:27:15.098 INFO  c.evolvus.precision.AdvancedExporter - Started extracting for table project_details,asdfasdf,asdfasdf,asdfasdf
16:27:15.098 INFO  c.evolvus.precision.AdvancedExporter - Started extracting for table mtx
16:27:15.202 INFO  c.evolvus.precision.AdvancedExporter - Finished extracting for table project_invoices 
16:27:15.203 INFO  c.evolvus.precision.AdvancedExporter - Time taken to extract table project_invoices --> 0 seconds. 0 rows exported 
16:27:15.203 INFO  c.evolvus.precision.AdvancedExporter - Started extracting for table project_cr
16:27:15.295 INFO  c.evolvus.precision.AdvancedExporter - Finished extracting for table project_details,asdfasdf,asdfasdf,asdfasdf 
16:27:15.295 INFO  c.evolvus.precision.AdvancedExporter - Time taken to extract table project_details,asdfasdf,asdfasdf,asdfasdf --> 0 seconds. 0 rows exported 
16:27:15.833 INFO  c.evolvus.precision.AdvancedExporter - Finished extracting for table project_cr 
16:27:15.834 INFO  c.evolvus.precision.AdvancedExporter - Time taken to extract table project_cr --> 0 seconds. 382 rows exported 
16:27:28.770 INFO  c.evolvus.precision.AdvancedExporter - Finished extracting for table mtx 
16:27:28.770 INFO  c.evolvus.precision.AdvancedExporter - Finished extracting for table mtx 
16:27:28.773 INFO  c.evolvus.precision.AdvancedExporter - Time taken to extract table mtx --> 13 seconds. 237431 rows exported 
16:27:28.773 INFO  c.evolvus.precision.AdvancedExporter - Time taken to extract table mtx --> 13 seconds. 237431 rows exported 
16:27:28.773 INFO  c.evolvus.precision.AdvancedExporter - Finished processing Container File /Users/prashantm/development/java/extract/mvn/advanced-exporter/dist/container/a.txt. Total 5 tables exported 
